{"level":"info","message":"Server run on port 12 :3000"}
{"level":"info","message":"connection Base de donnée online succes !"}
{"level":"info","message":"test"}
{"level":"error","message":"test"}
{"level":"info","message":"Server run on port 12 :3000"}
{"level":"info","message":"connection Base de donnée online succes !"}
[info] - Server run on port 12 :3000]
[info] - connection Base de donnée online succes !]
[info] - Server run on port 12 :3000
[info] - connection Base de donnée online succes !
[info   ] - Server run on port :3000
[info   ] - connection Base de donnée online succes !
[INFO   ] - Server run on port :3000
[INFO   ] - connection Base de donnée online succes !
2022-04-06T05:11:03.203Z [INFO   ] - Server run on port :3000
2022-04-06T05:11:08.658Z [INFO   ] - connection Base de donnée online succes !
2022-04-06T05:36:38.669Z [INFO   ] - Server run on port :3000
2022-04-06T05:36:43.441Z [INFO   ] - connection Base de donnée online succes !
2022-04-06T14:17:34.504Z [INFO   ] - Server run on port :3000
2022-04-06T14:17:39.386Z [INFO   ] - connection Base de donnée online succes !
2022-04-06T14:19:15.344Z [INFO   ] - mongodb+srv://toky:lantoniaina@cluster0.sh3ga.mongodb.net/monbd?retryWrites=true&w=majority
2022-04-06T14:19:15.400Z [INFO   ] - Server run on port :3000
2022-04-06T14:19:18.796Z [INFO   ] - connection Base de donnée online succes !
2022-04-06T14:30:58.372Z [INFO   ] - Server run on port :3000
2022-04-06T14:31:03.878Z [INFO   ] - connection Base de donnée online succes !
2022-04-07T12:20:44.002Z [INFO   ] - Server run on port :3000
2022-04-07T12:21:05.119Z [INFO   ] - Server run on port :3000
2022-04-07T12:23:06.795Z [INFO   ] - Server run on port :3000
2022-04-07T12:23:40.367Z [INFO   ] - Server run on port :3000
2022-04-07T12:30:31.710Z [INFO   ] - Server run on port :3000
2022-04-07T12:30:31.823Z [INFO   ] - DB Local connexion succes !
2022-04-07T12:41:20.504Z [INFO   ] - Server run on port :3000
2022-04-07T12:41:20.781Z [INFO   ] - DB Local connexion succes !
2022-04-07T12:42:28.522Z [INFO   ] - Server run on port :3000
2022-04-07T12:42:28.686Z [INFO   ] - DB Local connexion succes !
2022-04-07T12:42:47.474Z [INFO   ] - Server run on port :3000
2022-04-07T12:42:47.592Z [INFO   ] - DB Local connexion succes !
2022-04-07T12:44:55.236Z [INFO   ] - Server run on port :3000
2022-04-07T12:44:55.361Z [INFO   ] - DB Local connexion succes !
2022-04-07T12:52:56.300Z [INFO   ] - Server run on port :3000
2022-04-07T12:52:56.417Z [INFO   ] - DB Local connexion succes !
2022-04-07T12:57:51.816Z [INFO   ] - Server run on port :3000
2022-04-07T12:57:51.947Z [INFO   ] - DB Local connexion succes !
2022-04-07T12:58:22.782Z [INFO   ] - Server run on port :3000
2022-04-07T12:58:22.907Z [INFO   ] - DB Local connexion succes !
2022-04-07T12:59:32.386Z [INFO   ] - Server run on port :3000
2022-04-07T12:59:32.515Z [INFO   ] - DB Local connexion succes !
2022-04-07T12:59:34.789Z [ERROR  ] - headers :
2022-04-07T13:00:35.021Z [INFO   ] - Server run on port :3000
2022-04-07T13:00:35.147Z [INFO   ] - DB Local connexion succes !
2022-04-07T13:00:37.659Z [ERROR  ] - headers :
2022-04-07T13:00:37.670Z [ERROR  ] - apikey :
2022-04-07T13:01:43.906Z [INFO   ] - Server run on port :3000
2022-04-07T13:01:44.031Z [INFO   ] - DB Local connexion succes !
2022-04-07T13:01:47.456Z [ERROR  ] - apikey :
2022-04-07T13:02:49.274Z [INFO   ] - Server run on port :3000
2022-04-07T13:02:49.399Z [INFO   ] - DB Local connexion succes !
2022-04-07T13:02:58.895Z [ERROR  ] - apikey :
2022-04-07T13:03:58.567Z [INFO   ] - Server run on port :3000
2022-04-07T13:03:58.686Z [INFO   ] - DB Local connexion succes !
2022-04-07T13:04:01.671Z [ERROR  ] - apikey :
2022-04-07T13:05:03.182Z [INFO   ] - Server run on port :3000
2022-04-07T13:05:03.311Z [INFO   ] - DB Local connexion succes !
2022-04-07T13:05:08.202Z [INFO   ] - apiKey :
2022-04-07T13:06:30.631Z [INFO   ] - Server run on port :3000
2022-04-07T13:06:30.751Z [INFO   ] - DB Local connexion succes !
2022-04-07T13:06:37.434Z [INFO   ] - apiKey :rthtjtjdfhgfjhfctdfhtfjffjdjdjdjsj
2022-04-07T13:06:54.019Z [ERROR  ] - error apikey :rthtjtjdfhgfjhfctdfhtfjffjdjdjdjs
2022-04-07T13:07:55.370Z [INFO   ] - apiKey :rthtjtjdfhgfjhfctdfhtfjffjdjdjdjsj
2022-04-07T13:08:22.161Z [INFO   ] - apiKey :rthtjtjdfhgfjhfctdfhtfjffjdjdjdjsj
2022-04-07T13:08:37.867Z [ERROR  ] - error apikey :rthtjtjdfhgfjhfctdfhtfjffjdjdjdjs
2022-04-07T13:15:44.309Z [INFO   ] - Server run on port :3000
2022-04-07T13:15:44.391Z [INFO   ] - DB Local connexion succes !
2022-04-07T13:17:15.171Z [INFO   ] - Server run on port :3000
2022-04-07T13:17:15.234Z [INFO   ] - DB Local connexion succes !
2022-04-07T13:17:33.422Z [ERROR  ] - error apikey :undefined
2022-04-07T13:17:34.077Z [ERROR  ] - error apikey :undefined
2022-04-07T13:18:13.078Z [INFO   ] - Server run on port :4000
2022-04-07T13:18:13.166Z [ERROR  ] - error apikey :undefined
2022-04-07T13:18:13.199Z [INFO   ] - DB Local connexion succes !
2022-04-07T13:18:35.041Z [ERROR  ] - error apikey :rthtjtjdfhgfjhfctdfhtfjffjdjdjdjs
2022-04-07T13:18:48.707Z [INFO   ] - apiKey :rthtjtjdfhgfjhfctdfhtfjffjdjdjdjsj
2022-04-07T14:41:40.768Z [INFO   ] - Server run on port :4000
2022-04-07T14:41:40.886Z [INFO   ] - DB Local connexion succes !
2022-04-07T14:41:58.815Z [INFO   ] - apiKey :lantoniaina
2022-04-07T14:42:02.367Z [ERROR  ] - error apikey :lantoniain
2022-04-07T14:42:06.256Z [INFO   ] - apiKey :lantoniaina
2022-04-08T10:55:18.240Z [INFO   ] - Server run on port :4000
2022-04-08T10:56:56.189Z [INFO   ] - Server run on port :4000
2022-04-08T11:03:40.409Z [INFO   ] - Server run on port :4000
2022-04-08T11:03:40.599Z [INFO   ] - DB Local connexion succes !
2022-04-08T11:23:36.004Z [INFO   ] - Server run on port :4000
2022-04-08T11:23:36.118Z [INFO   ] - DB Local connexion succes !
2022-04-08T11:26:00.526Z [ERROR  ] - error apikey :rthtjtjdfhgfjhfctdfhtfjffjdjdjdjsj
2022-04-08T11:26:16.954Z [ERROR  ] - error apikey :rthtjtjdfhgfjhfctdfhtfjffjdjdjdjsj
2022-04-08T11:26:43.156Z [ERROR  ] - error apikey :rthtjtjdfhgfjhfctdfhtfjffjdjdjdjsj
2022-04-08T11:26:56.477Z [ERROR  ] - error apikey :rthtjtjdfhgfjhfctdfhtfjffjdjdjdjsj
2022-04-08T11:27:15.581Z [ERROR  ] - error apikey :rthtjtjdfhgfjhfctdfhtfjffjdjdjdjsj
2022-04-08T11:27:39.268Z [INFO   ] - Server run on port :4000
2022-04-08T11:27:39.416Z [INFO   ] - DB Local connexion succes !
2022-04-08T11:27:43.550Z [ERROR  ] - error apikey :rthtjtjdfhgfjhfctdfhtfjffjdjdjdjsj
2022-04-08T11:27:47.931Z [ERROR  ] - error apikey :rthtjtjdfhgfjhfctdfhtfjffjdjdjdjsj
2022-04-08T11:28:00.144Z [ERROR  ] - error apikey :rthtjtjdfhgfjhfctdfhtfjffjdjdjdjsj
2022-04-08T11:30:36.173Z [INFO   ] - apiKey :lantoniaina
2022-04-08T11:30:55.551Z [INFO   ] - apiKey :lantoniaina
2022-04-08T11:32:27.130Z [INFO   ] - Server run on port :4000
2022-04-08T11:32:27.270Z [INFO   ] - DB Local connexion succes !
2022-04-08T11:35:12.290Z [INFO   ] - Server run on port :4000
2022-04-08T11:35:12.406Z [INFO   ] - DB Local connexion succes !
2022-04-08T11:45:42.346Z [INFO   ] - Server run on port :4000
2022-04-08T11:45:42.534Z [INFO   ] - DB Local connexion succes !
2022-04-08T16:29:43.398Z [INFO   ] - Server run on port :4000
2022-04-08T16:29:43.505Z [INFO   ] - DB Local connexion succes !
2022-04-08T16:36:56.757Z [INFO   ] - Server run on port :4000
2022-04-08T16:36:56.929Z [INFO   ] - DB Local connexion succes !
2022-04-08T16:38:21.261Z [INFO   ] - Server run on port :4000
2022-04-08T16:38:21.380Z [INFO   ] - DB Local connexion succes !
2022-04-08T16:44:44.966Z [INFO   ] - Server run on port :4000
2022-04-08T16:44:45.081Z [INFO   ] - DB Local connexion succes !
2022-04-08T16:47:18.225Z [INFO   ] - Server run on port :4000
2022-04-08T16:47:18.363Z [INFO   ] - DB Local connexion succes !
2022-04-08T16:50:42.208Z [INFO   ] - Server run on port :4000
2022-04-08T16:50:42.346Z [INFO   ] - DB Local connexion succes !
2022-04-08T16:53:22.527Z [INFO   ] - Server run on port :4000
2022-04-08T16:53:22.649Z [INFO   ] - DB Local connexion succes !
2022-04-08T16:54:22.240Z [INFO   ] - Server run on port :4000
2022-04-08T16:54:22.365Z [INFO   ] - DB Local connexion succes !
2022-04-08T17:03:14.526Z [INFO   ] - Server run on port :4000
2022-04-08T17:03:14.648Z [INFO   ] - DB Local connexion succes !
2022-04-08T17:16:05.789Z [INFO   ] - Server run on port :4000
2022-04-08T17:16:05.914Z [INFO   ] - DB Local connexion succes !
2022-04-08T17:19:20.931Z [INFO   ] - Server run on port :4000
2022-04-08T17:19:21.057Z [INFO   ] - DB Local connexion succes !
2022-04-08T17:27:36.164Z [INFO   ] - Server run on port :4000
2022-04-08T17:27:36.298Z [INFO   ] - DB Local connexion succes !
2022-04-08T17:34:29.967Z [INFO   ] - Server run on port :4000
2022-04-08T17:34:30.149Z [INFO   ] - DB Local connexion succes !
2022-04-08T17:35:19.066Z [INFO   ] - Server run on port :4000
2022-04-08T17:35:19.132Z [INFO   ] - DB Local connexion succes !
2022-04-08T18:12:34.476Z [INFO   ] - Server run on port :4000
2022-04-08T18:12:34.606Z [INFO   ] - DB Local connexion succes !
2022-04-08T18:20:24.053Z [INFO   ] - Server run on port :4000
2022-04-08T18:20:24.179Z [INFO   ] - DB Local connexion succes !
2022-04-08T18:34:38.280Z [INFO   ] - Server run on port :4000
2022-04-08T18:34:38.376Z [INFO   ] - DB Local connexion succes !
2022-04-08T18:35:19.607Z [INFO   ] - Server run on port :4000
2022-04-08T18:35:19.748Z [INFO   ] - DB Local connexion succes !
2022-04-08T18:37:59.739Z [INFO   ] - Server run on port :4000
2022-04-08T18:37:59.869Z [INFO   ] - DB Local connexion succes !
2022-04-08T19:19:20.787Z [INFO   ] - Server run on port :4000
2022-04-08T19:19:20.844Z [INFO   ] - DB Local connexion succes !
2022-04-08T19:25:38.466Z [INFO   ] - Server run on port :4000
2022-04-08T19:25:38.584Z [INFO   ] - DB Local connexion succes !
2022-04-08T19:27:01.390Z [INFO   ] - Server run on port :4000
2022-04-08T19:27:01.503Z [INFO   ] - DB Local connexion succes !
2022-04-08T19:28:41.154Z [INFO   ] - Server run on port :4000
2022-04-08T19:28:41.411Z [INFO   ] - DB Local connexion succes !
2022-04-08T19:31:19.338Z [INFO   ] - Server run on port :4000
2022-04-08T19:31:19.491Z [INFO   ] - DB Local connexion succes !
2022-04-08T19:32:06.367Z [INFO   ] - Server run on port :4000
2022-04-08T19:32:06.489Z [INFO   ] - DB Local connexion succes !
2022-04-09T14:35:50.633Z [INFO   ] - Server run on port :4000
2022-04-09T14:35:50.697Z [INFO   ] - DB Local connexion succes !
2022-04-09T17:02:38.333Z [INFO   ] - Server run on port :4000
2022-04-09T17:02:38.407Z [INFO   ] - DB Local connexion succes !
2022-04-09T17:29:14.823Z [INFO   ] - Server run on port :4000
2022-04-09T17:29:14.988Z [INFO   ] - DB Local connexion succes !
2022-04-09T17:32:26.531Z [INFO   ] - Server run on port :4000
2022-04-09T17:32:26.579Z [INFO   ] - DB Local connexion succes !
2022-04-09T17:40:03.314Z [INFO   ] - Server run on port :4000
2022-04-09T17:40:03.399Z [INFO   ] - DB Local connexion succes !
2022-04-09T17:42:00.397Z [INFO   ] - Server run on port :4000
2022-04-09T17:42:00.553Z [INFO   ] - DB Local connexion succes !
2022-04-09T17:59:24.520Z [INFO   ] - Server run on port :4000
2022-04-09T17:59:24.641Z [INFO   ] - DB Local connexion succes !
2022-04-11T10:14:11.733Z [INFO   ] - Server run on port :4000
2022-04-11T10:14:11.925Z [INFO   ] - DB Local connexion succes !
2022-04-11T10:35:08.050Z [INFO   ] - Server run on port :4000
2022-04-11T10:35:08.155Z [INFO   ] - DB Local connexion succes !
2022-04-11T10:37:02.261Z [INFO   ] - Server run on port :4000
2022-04-11T10:37:02.381Z [INFO   ] - DB Local connexion succes !
2022-04-11T10:42:25.395Z [INFO   ] - Server run on port :4000
2022-04-11T10:42:25.563Z [INFO   ] - DB Local connexion succes !
2022-04-11T10:44:52.493Z [INFO   ] - Server run on port :4000
2022-04-11T10:44:52.625Z [INFO   ] - DB Local connexion succes !
2022-04-11T10:47:12.404Z [INFO   ] - Server run on port :4000
2022-04-11T10:47:12.507Z [INFO   ] - DB Local connexion succes !
2022-04-11T10:51:15.543Z [INFO   ] - Server run on port :4000
2022-04-11T10:51:15.646Z [INFO   ] - DB Local connexion succes !
2022-04-11T11:13:24.461Z [INFO   ] - Server run on port :4000
2022-04-11T11:13:24.831Z [INFO   ] - DB Local connexion succes !
2022-04-11T11:34:08.042Z [INFO   ] - Server run on port :4000
2022-04-11T11:34:08.165Z [INFO   ] - DB Local connexion succes !
2022-04-11T12:36:07.294Z [INFO   ] - Server run on port :4000
2022-04-11T12:36:07.346Z [INFO   ] - DB Local connexion succes !
2022-04-11T12:48:11.032Z [INFO   ] - Server run on port :4000
2022-04-11T12:48:11.350Z [INFO   ] - DB Local connexion succes !
2022-04-11T12:57:56.428Z [INFO   ] - Server run on port :4000
2022-04-11T12:57:56.587Z [INFO   ] - DB Local connexion succes !
2022-04-11T13:01:17.822Z [INFO   ] - Server run on port :4000
2022-04-11T13:01:17.943Z [INFO   ] - DB Local connexion succes !
2022-04-11T13:02:32.813Z [INFO   ] - Server run on port :4000
2022-04-11T13:02:32.930Z [INFO   ] - DB Local connexion succes !
2022-04-11T13:20:04.008Z [INFO   ] - Server run on port :4000
2022-04-11T13:20:04.118Z [INFO   ] - DB Local connexion succes !
2022-04-11T13:22:27.984Z [INFO   ] - Server run on port :4000
2022-04-11T13:22:28.100Z [INFO   ] - DB Local connexion succes !
2022-04-11T13:28:30.326Z [INFO   ] - Server run on port :4000
2022-04-11T13:28:30.452Z [INFO   ] - DB Local connexion succes !
2022-04-11T13:29:57.984Z [INFO   ] - Server run on port :4000
2022-04-11T13:29:58.097Z [INFO   ] - DB Local connexion succes !
2022-04-11T13:37:14.188Z [INFO   ] - Server run on port :4000
2022-04-11T13:37:14.296Z [INFO   ] - DB Local connexion succes !
2022-04-11T13:40:04.961Z [INFO   ] - Server run on port :4000
2022-04-11T13:40:05.080Z [INFO   ] - DB Local connexion succes !
2022-04-11T13:41:40.582Z [INFO   ] - Server run on port :4000
2022-04-11T13:41:40.702Z [INFO   ] - DB Local connexion succes !
2022-04-11T13:42:47.009Z [INFO   ] - Server run on port :4000
2022-04-11T13:42:47.118Z [INFO   ] - DB Local connexion succes !
2022-04-11T13:44:28.767Z [INFO   ] - Server run on port :4000
2022-04-11T13:44:28.883Z [INFO   ] - DB Local connexion succes !
2022-04-11T13:45:56.721Z [INFO   ] - Server run on port :4000
2022-04-11T13:45:56.902Z [INFO   ] - DB Local connexion succes !
2022-04-11T13:46:58.520Z [INFO   ] - Server run on port :4000
2022-04-11T13:46:58.678Z [INFO   ] - DB Local connexion succes !
2022-04-11T13:53:56.021Z [INFO   ] - Server run on port :4000
2022-04-11T13:53:56.141Z [INFO   ] - DB Local connexion succes !
2022-04-11T14:59:02.987Z [INFO   ] - Server run on port :4000
2022-04-11T14:59:03.098Z [INFO   ] - DB Local connexion succes !
2022-04-11T15:02:37.573Z [INFO   ] - Server run on port :4000
2022-04-11T15:02:37.691Z [INFO   ] - DB Local connexion succes !
2022-04-11T15:05:37.706Z [INFO   ] - Server run on port :4000
2022-04-11T15:05:37.754Z [INFO   ] - DB Local connexion succes !
2022-04-11T16:10:48.634Z [INFO   ] - Server run on port :4000
2022-04-11T16:10:48.807Z [INFO   ] - DB Local connexion succes !
2022-04-11T17:27:54.300Z [INFO   ] - Server run on port :4000
2022-04-11T17:27:54.532Z [INFO   ] - DB Local connexion succes !
2022-04-11T17:36:40.422Z [INFO   ] - Server run on port :4000
2022-04-11T17:36:40.558Z [INFO   ] - DB Local connexion succes !
2022-04-11T19:14:16.669Z [INFO   ] - Server run on port :4000
2022-04-11T19:14:16.803Z [INFO   ] - DB Local connexion succes !
2022-04-11T19:15:56.004Z [INFO   ] - Server run on port :4000
2022-04-11T19:15:56.127Z [INFO   ] - DB Local connexion succes !
2022-04-11T19:45:43.066Z [INFO   ] - Server run on port :4000
2022-04-11T19:45:43.312Z [INFO   ] - DB Local connexion succes !
2022-04-11T19:52:57.782Z [INFO   ] - Server run on port :4000
2022-04-11T19:52:57.902Z [INFO   ] - DB Local connexion succes !
2022-04-11T19:53:42.315Z [INFO   ] - Server run on port :4000
2022-04-11T19:53:42.428Z [INFO   ] - DB Local connexion succes !
2022-04-11T20:01:28.434Z [INFO   ] - Server run on port :4000
2022-04-11T20:01:28.547Z [INFO   ] - DB Local connexion succes !
2022-04-11T20:03:20.135Z [INFO   ] - Server run on port :4000
2022-04-11T20:03:20.297Z [INFO   ] - DB Local connexion succes !
2022-04-12T07:00:58.785Z [INFO   ] - Server run on port :4000
2022-04-12T07:00:58.970Z [INFO   ] - DB Local connexion succes !
2022-04-12T07:18:29.583Z [INFO   ] - Server run on port :4000
2022-04-12T07:18:29.702Z [INFO   ] - DB Local connexion succes !
2022-04-12T07:25:21.279Z [INFO   ] - Server run on port :4000
2022-04-12T07:25:21.508Z [INFO   ] - DB Local connexion succes !
2022-04-12T07:29:02.061Z [INFO   ] - Server run on port :4000
2022-04-12T07:29:02.168Z [INFO   ] - DB Local connexion succes !
2022-04-12T07:30:11.301Z [INFO   ] - Server run on port :4000
2022-04-12T07:30:11.405Z [INFO   ] - DB Local connexion succes !
2022-04-12T07:32:05.274Z [INFO   ] - Server run on port :4000
2022-04-12T07:32:05.425Z [INFO   ] - DB Local connexion succes !
2022-04-12T07:37:35.399Z [INFO   ] - Server run on port :4000
2022-04-12T07:37:35.517Z [INFO   ] - DB Local connexion succes !
2022-04-12T08:30:18.055Z [INFO   ] - Server run on port :4000
2022-04-12T08:30:18.399Z [INFO   ] - DB Local connexion succes !
2022-04-12T08:35:51.696Z [INFO   ] - Server run on port :4000
2022-04-12T08:35:51.813Z [INFO   ] - DB Local connexion succes !
2022-04-12T08:55:08.503Z [INFO   ] - Server run on port :4000
2022-04-12T08:55:08.567Z [INFO   ] - DB Local connexion succes !
2022-04-12T12:49:42.699Z [INFO   ] - Server run on port :4000
2022-04-12T12:49:42.803Z [INFO   ] - DB Local connexion succes !
2022-04-12T12:56:51.358Z [INFO   ] - Server run on port :4000
2022-04-12T12:56:51.490Z [INFO   ] - DB Local connexion succes !
2022-04-12T12:57:26.567Z [INFO   ] - Server run on port :4000
2022-04-12T12:57:26.657Z [INFO   ] - DB Local connexion succes !
2022-04-12T12:58:44.681Z [INFO   ] - Server run on port :4000
2022-04-12T12:58:44.764Z [INFO   ] - DB Local connexion succes !
2022-04-12T13:00:12.635Z [INFO   ] - Server run on port :4000
2022-04-12T13:00:12.725Z [INFO   ] - DB Local connexion succes !
2022-04-12T13:45:10.373Z [INFO   ] - Server run on port :4000
2022-04-12T13:45:10.537Z [INFO   ] - DB Local connexion succes !
2022-04-12T13:51:19.122Z [INFO   ] - Server run on port :4000
2022-04-12T13:51:19.316Z [INFO   ] - DB Local connexion succes !
2022-04-12T13:53:55.168Z [INFO   ] - Server run on port :4000
2022-04-12T13:53:55.267Z [INFO   ] - DB Local connexion succes !
2022-04-12T13:57:33.639Z [INFO   ] - Server run on port :4000
2022-04-12T13:57:33.725Z [INFO   ] - DB Local connexion succes !
2022-04-12T14:00:28.790Z [INFO   ] - Server run on port :4000
2022-04-12T14:00:28.880Z [INFO   ] - DB Local connexion succes !
2022-04-12T14:08:47.451Z [INFO   ] - Server run on port :4000
2022-04-12T14:08:47.542Z [INFO   ] - DB Local connexion succes !
2022-04-12T14:10:39.454Z [INFO   ] - Server run on port :4000
2022-04-12T14:10:39.544Z [INFO   ] - DB Local connexion succes !
2022-04-12T14:35:42.405Z [INFO   ] - Server run on port :4000
2022-04-12T14:35:42.502Z [INFO   ] - DB Local connexion succes !
2022-04-12T14:36:16.973Z [INFO   ] - Server run on port :4000
2022-04-12T14:39:10.881Z [INFO   ] - Server run on port :4000
2022-04-12T14:39:19.184Z [INFO   ] - connection Base de donnée online succes !
2022-04-12T15:56:43.170Z [INFO   ] - Server run on port :4000
2022-04-12T15:57:03.096Z [INFO   ] - connection Base de donnée online succes !
2022-04-12T16:07:53.680Z [INFO   ] - Server run on port :4000
2022-04-12T16:08:07.991Z [INFO   ] - connection Base de donnée online succes !
2022-04-12T16:09:01.563Z [INFO   ] - Server run on port :4000
2022-04-12T16:09:08.929Z [INFO   ] - connection Base de donnée online succes !
2022-04-13T03:27:01.222Z [INFO   ] - Server run on port :4000
2022-04-13T03:27:09.714Z [INFO   ] - connection Base de donnée online succes !
2022-04-14T10:32:21.019Z [INFO   ] - Server run on port :4000
2022-04-14T10:32:26.599Z [INFO   ] - connection Base de donnée online succes !
2022-04-14T10:36:47.300Z [INFO   ] - Server run on port :4000
2022-04-14T10:36:51.845Z [INFO   ] - connection Base de donnée online succes !
2022-04-14T10:39:20.876Z [INFO   ] - Server run on port :4000
2022-04-14T10:39:25.566Z [INFO   ] - connection Base de donnée online succes !
2022-04-14T10:41:15.657Z [INFO   ] - Server run on port :4000
2022-04-14T10:41:19.846Z [INFO   ] - connection Base de donnée online succes !
2022-04-14T10:41:42.713Z [INFO   ] - Server run on port :4000
2022-04-14T10:41:45.310Z [INFO   ] - connection Base de donnée online succes !
2022-04-14T10:44:02.903Z [INFO   ] - Server run on port :4000
2022-04-14T10:44:07.001Z [INFO   ] - connection Base de donnée online succes !
2022-04-14T10:47:27.005Z [INFO   ] - Server run on port :4000
2022-04-14T10:47:31.627Z [INFO   ] - connection Base de donnée online succes !
2022-04-14T10:49:11.042Z [INFO   ] - Server run on port :4000
2022-04-14T10:49:15.110Z [INFO   ] - connection Base de donnée online succes !
2022-04-14T10:57:31.864Z [INFO   ] - Server run on port :4000
2022-04-14T10:57:37.048Z [INFO   ] - connection Base de donnée online succes !
2022-04-14T10:59:23.924Z [INFO   ] - Server run on port :4000
2022-04-14T10:59:27.978Z [INFO   ] - connection Base de donnée online succes !
2022-04-14T11:01:37.146Z [INFO   ] - Server run on port :4000
2022-04-14T11:01:41.030Z [INFO   ] - connection Base de donnée online succes !
2022-04-14T11:03:24.362Z [INFO   ] - Server run on port :4000
2022-04-14T11:03:28.136Z [INFO   ] - connection Base de donnée online succes !
2022-04-14T11:04:37.802Z [INFO   ] - Server run on port :4000
2022-04-14T11:04:42.927Z [INFO   ] - connection Base de donnée online succes !
2022-04-14T11:04:54.439Z [INFO   ] - Server run on port :4000
2022-04-14T11:04:56.598Z [INFO   ] - connection Base de donnée online succes !
2022-04-14T11:06:37.718Z [INFO   ] - Server run on port :4000
2022-04-14T11:06:41.682Z [INFO   ] - connection Base de donnée online succes !
2022-04-14T11:07:52.362Z [INFO   ] - Server run on port :4000
2022-04-14T11:07:56.967Z [INFO   ] - connection Base de donnée online succes !
2022-04-14T11:09:22.896Z [INFO   ] - Server run on port :4000
2022-04-14T11:13:28.102Z [INFO   ] - Server run on port :4000
2022-04-14T11:13:32.363Z [INFO   ] - connection Base de donnée online succes !
2022-04-14T11:14:12.273Z [INFO   ] - Server run on port :4000
2022-04-14T11:14:14.323Z [INFO   ] - connection Base de donnée online succes !
2022-04-14T11:16:04.967Z [INFO   ] - Server run on port :4000
2022-04-14T11:16:08.728Z [INFO   ] - connection Base de donnée online succes !
2022-04-14T11:18:35.851Z [INFO   ] - Server run on port :4000
2022-04-14T11:18:39.886Z [INFO   ] - connection Base de donnée online succes !
2022-04-14T15:56:29.909Z [INFO   ] - Server run on port :4000
2022-04-14T15:56:35.487Z [INFO   ] - connection Base de donnée online succes !
2022-04-15T08:35:36.656Z [INFO   ] - Server run on port :4000
2022-04-15T08:36:27.874Z [INFO   ] - Server run on port :4000
2022-04-15T08:36:28.054Z [INFO   ] - DB Local connexion succes !
2022-04-15T08:41:39.312Z [INFO   ] - Server run on port :4000
2022-04-15T08:41:39.370Z [INFO   ] - DB Local connexion succes !
2022-04-15T08:43:10.132Z [INFO   ] - Server run on port :4000
2022-04-15T08:43:10.243Z [INFO   ] - DB Local connexion succes !
2022-04-15T09:13:36.316Z [INFO   ] - Server run on port :4000
2022-04-15T09:13:36.435Z [INFO   ] - DB Local connexion succes !
2022-04-15T09:22:50.995Z [INFO   ] - Server run on port :4000
2022-04-15T09:22:51.104Z [INFO   ] - DB Local connexion succes !
2022-04-15T09:27:57.034Z [INFO   ] - Server run on port :4000
2022-04-15T09:27:57.151Z [INFO   ] - DB Local connexion succes !
2022-04-15T09:29:40.994Z [INFO   ] - Server run on port :4000
2022-04-15T09:29:41.110Z [INFO   ] - DB Local connexion succes !
2022-04-15T09:31:48.427Z [INFO   ] - Server run on port :4000
2022-04-15T09:31:48.536Z [INFO   ] - DB Local connexion succes !
2022-04-15T09:36:08.036Z [INFO   ] - Server run on port :4000
2022-04-15T09:36:08.139Z [INFO   ] - DB Local connexion succes !
2022-04-15T12:30:42.698Z [INFO   ] - Server run on port :4000
2022-04-15T12:30:42.747Z [INFO   ] - DB Local connexion succes !
2022-04-16T07:54:03.186Z [INFO   ] - Server run on port :4000
2022-04-16T07:54:04.168Z [INFO   ] - DB Local connexion succes !
2022-04-20T11:39:36.786Z [INFO   ] - Server run on port :4000
2022-04-20T11:49:18.856Z [INFO   ] - Server run on port :4000
2022-04-20T11:50:29.856Z [INFO   ] - Server run on port :4000
2022-04-22T10:49:57.204Z [INFO   ] - Server run on port :4000
2022-04-22T10:49:57.280Z [INFO   ] - DB Local connexion succes !
2022-04-22T11:33:20.235Z [INFO   ] - Server run on port :4000
2022-04-22T11:33:20.387Z [INFO   ] - DB Local connexion succes !
2022-04-22T11:42:39.471Z [INFO   ] - Server run on port :4000
2022-04-22T11:42:39.597Z [INFO   ] - DB Local connexion succes !
2022-04-22T11:49:19.764Z [INFO   ] - Server run on port :4000
2022-04-22T11:49:19.876Z [INFO   ] - DB Local connexion succes !
2022-04-22T11:51:27.268Z [INFO   ] - Server run on port :4000
2022-04-22T11:51:27.380Z [INFO   ] - DB Local connexion succes !
2022-04-22T12:20:39.886Z [INFO   ] - Server run on port :4000
2022-04-22T12:20:39.999Z [INFO   ] - DB Local connexion succes !
2022-04-22T12:21:50.271Z [INFO   ] - Server run on port :4000
2022-04-22T12:21:50.387Z [INFO   ] - DB Local connexion succes !
2022-04-22T12:22:18.600Z [INFO   ] - Server run on port :4000
2022-04-22T12:22:18.722Z [INFO   ] - DB Local connexion succes !
2022-04-22T12:25:14.214Z [INFO   ] - Server run on port :4000
2022-04-22T12:25:14.347Z [INFO   ] - DB Local connexion succes !
2022-04-22T12:42:05.831Z [INFO   ] - Server run on port :4000
2022-04-22T12:42:05.968Z [INFO   ] - DB Local connexion succes !
2022-04-22T12:45:04.283Z [INFO   ] - Server run on port :4000
2022-04-22T12:45:04.334Z [INFO   ] - DB Local connexion succes !
2022-04-23T07:01:36.849Z [INFO   ] - Server run on port :4000
2022-04-23T07:01:37.075Z [INFO   ] - DB Local connexion succes !
2022-04-23T07:06:57.891Z [INFO   ] - Server run on port :4000
2022-04-23T07:06:58.003Z [INFO   ] - DB Local connexion succes !
2022-04-23T07:13:32.746Z [INFO   ] - Server run on port :4000
2022-04-23T07:13:32.898Z [INFO   ] - DB Local connexion succes !
2022-04-23T07:16:26.906Z [INFO   ] - Server run on port :4000
2022-04-23T07:16:26.977Z [INFO   ] - DB Local connexion succes !
2022-04-23T07:19:00.085Z [INFO   ] - Server run on port :4000
2022-04-23T07:19:00.198Z [INFO   ] - DB Local connexion succes !
2022-04-23T07:20:33.749Z [INFO   ] - Server run on port :4000
2022-04-23T07:20:33.853Z [INFO   ] - DB Local connexion succes !
2022-04-23T07:24:43.635Z [INFO   ] - Server run on port :4000
2022-04-23T07:24:43.694Z [INFO   ] - DB Local connexion succes !
2022-04-23T07:26:25.535Z [INFO   ] - Server run on port :4000
2022-04-23T07:26:25.646Z [INFO   ] - DB Local connexion succes !
2022-04-23T07:27:43.976Z [INFO   ] - Server run on port :4000
2022-04-23T07:27:44.126Z [INFO   ] - DB Local connexion succes !
2022-04-23T07:30:58.496Z [INFO   ] - Server run on port :4000
2022-04-23T07:30:58.601Z [INFO   ] - DB Local connexion succes !
2022-04-23T07:33:16.175Z [INFO   ] - Server run on port :4000
2022-04-23T07:33:16.291Z [INFO   ] - DB Local connexion succes !
2022-04-23T07:34:29.029Z [INFO   ] - Server run on port :4000
2022-04-23T07:34:29.133Z [INFO   ] - DB Local connexion succes !
2022-04-23T08:49:22.389Z [INFO   ] - Server run on port :4000
2022-04-23T08:49:22.487Z [INFO   ] - DB Local connexion succes !
2022-04-23T08:54:30.320Z [INFO   ] - Server run on port :4000
2022-04-23T08:54:30.412Z [INFO   ] - DB Local connexion succes !
2022-04-23T09:01:25.014Z [INFO   ] - Server run on port :4000
2022-04-23T09:01:25.123Z [INFO   ] - DB Local connexion succes !
2022-04-23T09:09:18.711Z [INFO   ] - Server run on port :4000
2022-04-23T09:09:18.760Z [INFO   ] - DB Local connexion succes !
2022-04-23T09:16:16.698Z [INFO   ] - Server run on port :4000
2022-04-23T09:16:16.813Z [INFO   ] - DB Local connexion succes !
2022-04-23T09:16:51.526Z [INFO   ] - Server run on port :4000
2022-04-23T09:16:51.616Z [INFO   ] - DB Local connexion succes !
2022-04-23T09:20:46.178Z [INFO   ] - Server run on port :4000
2022-04-23T09:20:46.230Z [INFO   ] - DB Local connexion succes !
2022-04-23T09:32:28.288Z [INFO   ] - Server run on port :4000
2022-04-23T09:32:28.372Z [INFO   ] - DB Local connexion succes !
2022-04-23T09:34:54.430Z [INFO   ] - Server run on port :4000
2022-04-23T09:34:54.531Z [INFO   ] - DB Local connexion succes !
2022-04-23T09:37:40.513Z [INFO   ] - Server run on port :4000
2022-04-23T09:37:40.614Z [INFO   ] - DB Local connexion succes !
2022-04-23T09:39:50.223Z [INFO   ] - Server run on port :4000
2022-04-23T09:39:50.318Z [INFO   ] - DB Local connexion succes !
2022-04-23T09:42:27.993Z [INFO   ] - Server run on port :4000
2022-04-23T09:42:28.083Z [INFO   ] - DB Local connexion succes !
2022-04-23T09:43:40.306Z [INFO   ] - Server run on port :4000
2022-04-23T09:43:40.366Z [INFO   ] - DB Local connexion succes !
2022-04-23T09:51:40.171Z [INFO   ] - Server run on port :4000
2022-04-23T09:51:40.351Z [INFO   ] - DB Local connexion succes !
2022-04-23T10:10:00.112Z [INFO   ] - Server run on port :4000
2022-04-23T10:10:00.201Z [INFO   ] - DB Local connexion succes !
2022-04-23T10:25:34.671Z [INFO   ] - Server run on port :4000
2022-04-23T10:25:34.785Z [INFO   ] - DB Local connexion succes !
2022-04-23T10:32:30.624Z [INFO   ] - Server run on port :4000
2022-04-23T10:32:30.720Z [INFO   ] - DB Local connexion succes !
2022-04-23T10:34:01.176Z [INFO   ] - Server run on port :4000
2022-04-23T10:34:01.252Z [INFO   ] - DB Local connexion succes !
2022-04-23T10:36:08.318Z [INFO   ] - Server run on port :4000
2022-04-23T10:36:08.404Z [INFO   ] - DB Local connexion succes !
2022-04-23T11:36:10.992Z [INFO   ] - Server run on port :4000
2022-04-23T11:36:11.142Z [INFO   ] - DB Local connexion succes !
2022-04-23T14:16:54.780Z [INFO   ] - Server run on port :4000
2022-04-23T14:16:54.973Z [INFO   ] - DB Local connexion succes !
2022-04-23T14:52:21.700Z [INFO   ] - Server run on port :4000
2022-04-23T14:52:21.813Z [INFO   ] - DB Local connexion succes !
2022-04-23T14:55:56.353Z [INFO   ] - Server run on port :4000
2022-04-23T14:55:56.471Z [INFO   ] - DB Local connexion succes !
2022-04-23T14:58:17.212Z [INFO   ] - Server run on port :4000
2022-04-23T14:58:17.316Z [INFO   ] - DB Local connexion succes !
2022-04-23T14:59:12.509Z [INFO   ] - Server run on port :4000
2022-04-23T14:59:12.619Z [INFO   ] - DB Local connexion succes !
2022-04-23T15:00:12.538Z [INFO   ] - Server run on port :4000
2022-04-23T15:00:12.657Z [INFO   ] - DB Local connexion succes !
2022-04-23T15:04:08.480Z [INFO   ] - Server run on port :4000
2022-04-23T15:04:08.591Z [INFO   ] - DB Local connexion succes !
2022-04-23T15:08:08.926Z [INFO   ] - Server run on port :4000
2022-04-23T15:08:09.038Z [INFO   ] - DB Local connexion succes !
2022-04-23T15:09:08.126Z [INFO   ] - Server run on port :4000
2022-04-23T15:09:08.237Z [INFO   ] - DB Local connexion succes !
2022-04-23T15:10:10.531Z [INFO   ] - Server run on port :4000
2022-04-23T15:10:10.683Z [INFO   ] - DB Local connexion succes !
2022-04-23T15:11:59.570Z [INFO   ] - Server run on port :4000
2022-04-23T15:11:59.681Z [INFO   ] - DB Local connexion succes !
2022-04-23T15:14:43.461Z [INFO   ] - Server run on port :4000
2022-04-23T15:14:43.583Z [INFO   ] - DB Local connexion succes !
2022-04-23T15:15:30.943Z [INFO   ] - Server run on port :4000
2022-04-23T15:15:31.052Z [INFO   ] - DB Local connexion succes !
2022-04-23T15:33:02.761Z [INFO   ] - Server run on port :4000
2022-04-23T15:33:02.833Z [INFO   ] - DB Local connexion succes !
2022-04-23T15:35:01.014Z [INFO   ] - Server run on port :4000
2022-04-23T15:35:01.084Z [INFO   ] - DB Local connexion succes !
2022-04-23T15:39:51.895Z [INFO   ] - Server run on port :4000
2022-04-23T15:39:51.969Z [INFO   ] - DB Local connexion succes !
2022-04-23T15:40:44.454Z [INFO   ] - Server run on port :4000
2022-04-23T15:40:44.547Z [INFO   ] - DB Local connexion succes !
2022-04-23T16:10:30.774Z [INFO   ] - Server run on port :4000
2022-04-23T16:10:30.872Z [INFO   ] - DB Local connexion succes !
2022-04-23T16:12:40.459Z [INFO   ] - Server run on port :4000
2022-04-23T16:12:40.540Z [INFO   ] - DB Local connexion succes !
2022-04-23T16:19:21.690Z [INFO   ] - Server run on port :4000
2022-04-23T16:19:21.777Z [INFO   ] - DB Local connexion succes !
2022-04-23T16:26:13.800Z [INFO   ] - Server run on port :4000
2022-04-23T16:26:13.886Z [INFO   ] - DB Local connexion succes !
2022-04-23T16:35:47.184Z [INFO   ] - Server run on port :4000
2022-04-23T16:35:47.270Z [INFO   ] - DB Local connexion succes !
2022-04-23T16:39:32.152Z [INFO   ] - Server run on port :4000
2022-04-23T16:39:32.241Z [INFO   ] - DB Local connexion succes !
2022-04-23T16:40:57.444Z [INFO   ] - Server run on port :4000
2022-04-23T16:40:57.531Z [INFO   ] - DB Local connexion succes !
2022-04-25T08:57:36.458Z [INFO   ] - Server run on port :4000
2022-04-25T08:57:36.636Z [INFO   ] - DB Local connexion succes !
2022-04-25T09:16:33.764Z [INFO   ] - Server run on port :4000
2022-04-25T09:16:33.822Z [INFO   ] - DB Local connexion succes !
2022-04-25T09:59:15.306Z [INFO   ] - Server run on port :4000
2022-04-25T09:59:15.430Z [INFO   ] - DB Local connexion succes !
2022-04-26T09:02:43.445Z [INFO   ] - Server run on port :4000
2022-04-26T09:02:43.737Z [INFO   ] - DB Local connexion succes !
2022-04-27T08:08:33.413Z [INFO   ] - Server run on port :4000
2022-04-27T08:08:33.613Z [INFO   ] - DB Local connexion succes !
2022-04-28T05:44:40.601Z [INFO   ] - Server run on port :4000
2022-04-28T05:44:40.886Z [INFO   ] - DB Local connexion succes !
2022-04-28T14:35:05.098Z [INFO   ] - Server run on port :4000
2022-04-28T14:35:05.256Z [INFO   ] - DB Local connexion succes !
2022-04-28T14:50:51.481Z [INFO   ] - Server run on port :4000
2022-04-28T14:50:51.538Z [INFO   ] - DB Local connexion succes !
2022-04-28T14:53:42.957Z [INFO   ] - Server run on port :4000
2022-04-28T14:53:43.202Z [INFO   ] - DB Local connexion succes !
2022-04-28T14:57:25.437Z [INFO   ] - Server run on port :4000
2022-04-28T14:57:30.923Z [INFO   ] - connection Base de donnée online succes !
2022-04-29T07:37:50.343Z [INFO   ] - Server run on port :4000
2022-04-29T07:41:06.739Z [INFO   ] - Server run on port :4000
2022-04-29T07:44:36.623Z [INFO   ] - Server run on port :4000
2022-04-29T07:48:56.995Z [INFO   ] - Server run on port :4000
2022-04-29T07:48:57.084Z [INFO   ] - DB Local connexion succes !
2022-04-29T08:57:54.903Z [INFO   ] - Server run on port :4000
2022-04-29T08:57:55.391Z [INFO   ] - DB Local connexion succes !
2022-04-29T09:04:39.930Z [INFO   ] - Server run on port :4000
2022-04-29T09:04:40.052Z [INFO   ] - DB Local connexion succes !
2022-04-29T09:21:31.581Z [INFO   ] - Server run on port :4000
2022-04-29T09:21:31.697Z [INFO   ] - DB Local connexion succes !
2022-04-29T09:25:47.182Z [INFO   ] - Server run on port :4000
2022-04-29T09:25:47.291Z [INFO   ] - DB Local connexion succes !
2022-04-29T09:31:16.886Z [INFO   ] - Server run on port :4000
2022-04-29T09:31:17.060Z [INFO   ] - DB Local connexion succes !
2022-04-29T09:45:10.211Z [INFO   ] - Server run on port :4000
2022-04-29T09:45:10.271Z [INFO   ] - DB Local connexion succes !
2022-04-29T10:12:04.156Z [INFO   ] - Server run on port :4000
2022-04-29T10:12:04.222Z [INFO   ] - DB Local connexion succes !
2022-04-29T10:53:50.578Z [INFO   ] - Server run on port :4000
2022-04-29T10:53:50.744Z [INFO   ] - DB Local connexion succes !
2022-04-29T12:01:03.496Z [INFO   ] - Server run on port :4000
2022-04-29T12:01:03.641Z [INFO   ] - DB Local connexion succes !
2022-04-29T12:05:11.868Z [INFO   ] - Server run on port :4000
2022-04-29T12:05:11.988Z [INFO   ] - DB Local connexion succes !
2022-04-29T12:31:50.340Z [INFO   ] - Server run on port :4000
2022-04-29T12:31:50.446Z [INFO   ] - DB Local connexion succes !
2022-04-29T14:31:53.622Z [INFO   ] - Server run on port :4000
2022-04-29T14:31:53.838Z [INFO   ] - DB Local connexion succes !
2022-04-30T05:40:33.886Z [INFO   ] - Server run on port :4000
2022-04-30T05:40:33.949Z [INFO   ] - DB Local connexion succes !
2022-04-30T08:13:53.324Z [INFO   ] - Server run on port :4000
2022-04-30T08:13:53.397Z [INFO   ] - DB Local connexion succes !
2022-04-30T13:33:28.212Z [INFO   ] - Server run on port :4000
2022-04-30T13:33:28.601Z [INFO   ] - DB Local connexion succes !
2022-05-02T11:10:26.249Z [INFO   ] - Server run on port :4000
2022-05-02T11:10:32.365Z [INFO   ] - connection Base de donnée online succes !
2022-05-02T11:52:23.164Z [INFO   ] - Server run on port :4000
2022-05-02T11:52:26.866Z [INFO   ] - connection Base de donnée online succes !
